0 info it worked if it ends with ok
1 verbose cli [ 'node',
1 verbose cli   '/usr/local/bin/npm',
1 verbose cli   'install',
1 verbose cli   'body-parser',
1 verbose cli   '--save' ]
2 info using npm@2.1.6
3 info using node@v0.10.33
4 verbose node symlink /usr/local/bin/node
5 verbose stack Error: EISDIR, read
6 verbose cwd /Users/cm/ga_w/WDI_SYD_7_NEW/chris/w06/bonus/playing_with_express
7 error Darwin 14.0.0
8 error argv "node" "/usr/local/bin/npm" "install" "body-parser" "--save"
9 error node v0.10.33
10 error npm  v2.1.6
11 error code EISDIR
12 error errno 28
13 error EISDIR, read
14 error If you need help, you may report this error at:
14 error     <http://github.com/npm/npm/issues>
15 verbose exit [ 28, true ]
